2026-03-21 06:46:57:533 : ##[warning]检查插件运行条件:[自定义变量全部满足时不运行]key=skip_download_package, expect=true, actual=null, (expect != actual)=true, skip=false
2026-03-21 06:46:58:108 : ##[group][Plugin info]
2026-03-21 06:46:58:108 : =====================================================================
2026-03-21 06:46:58:109 : Task           : RunScript
2026-03-21 06:46:58:109 : Description    : 执行脚本插件。支持跨系统使用。
2026-03-21 06:46:58:109 : Version        : 1.5.8
2026-03-21 06:46:58:110 : Author         : yongyiduan
2026-03-21 06:46:58:110 : Help           : <a target="_blank" href="https://devops.woa.com/console/store/atomStore/detail/atom/run">More Information</a>
2026-03-21 06:46:58:110 : =====================================================================
2026-03-21 06:46:58:110 : ##[endgroup]-----
2026-03-21 06:46:58:110 : ##[group][Input]
2026-03-21 06:46:58:110 : input(normal): (执行脚本)script=python -u app.py record

2026-03-21 06:46:58:110 : input(normal): (指定脚本语言)shell=auto
2026-03-21 06:46:58:116 : input(normal): (windows下字符集类型)charsetType=DEFAULT
2026-03-21 06:46:58:116 : ##[endgroup]-----
2026-03-21 06:46:58:220 : ##[group][Install plugin]
2026-03-21 06:46:58:429 : ##[endgroup]-----
2026-03-21 06:46:58:904 : ##[info][java-atom-sdk] delete sdkFile result is:true
2026-03-21 06:46:59:223 : ##[info]Get the os name - (windows 11)
2026-03-21 06:46:59:236 : ##[info]The default charset is GBK
2026-03-21 06:46:59:674 : | use oa cluster. |
2026-03-21 06:46:59:674 : ================================================================================
2026-03-21 06:46:59:674 : BaseClientEnv 配置信息
2026-03-21 06:46:59:675 : ================================================================================
2026-03-21 06:46:59:675 : | package_name                   | exe_VS0.pre_release.338787_ship_jw_1_sub.260319-1245_304084429.zip | 客户端包名
2026-03-21 06:46:59:675 : | work_path                      | D:\AutoTest\ds_stress_test\ | 脚本工作目录
2026-03-21 06:46:59:675 : | start_load_process_concurrency | 1 | 启动压力进程并发数
2026-03-21 06:46:59:675 : | start_load_process_interval    | 1 | 启动压力进程间隔
2026-03-21 06:46:59:676 : | data_dir_path                  | D:\AutoTest\stress_client_data | 构建机备份客户端数据根目录
2026-03-21 06:46:59:676 : | bk_job_id                      | None | 蓝盾任务ID
2026-03-21 06:46:59:676 : | is_enable                      | False | 是否启用
2026-03-21 06:46:59:676 : | process_num_limit              | None | 当前构建机启动进程数量上限
2026-03-21 06:46:59:676 : | build_machine_set              | ['1:42', '2:42', '3:42', '4:42', '5:42', '7:42', '8:16', '11:16', '12:16', '13:16', '14:10', '15:10', '16:10', '17:10', '19:10', '20:10'] | 构建机列表
2026-03-21 06:46:59:677 : | build_machine_set_nojobid      | [42, 42, 42, 42, 42, 42, 16, 16, 16, 16, 10, 10, 10, 10, 10, 10] | 构建机列表 不包含job_id,只包含process_num_limit, 这个是给stressagent用的参数
2026-03-21 06:46:59:677 : | job_id_list                    | ['1', '2', '3', '4', '5', '7', '8', '11', '12', '13', '14', '15', '16', '17', '19', '20'] | 蓝盾任务ID列表
2026-03-21 06:46:59:677 : ================================================================================
2026-03-21 06:46:59:677 : GSTMClientEnv 配置信息
2026-03-21 06:46:59:678 : ================================================================================
2026-03-21 06:46:59:678 : | game_exe_name                  | GangstarClient.exe | 游戏可执行文件名
2026-03-21 06:46:59:678 : | package_version                | pro_git6c869fcb_engine_gitd55ae33f_pro_svn338787 | 包版本
2026-03-21 06:46:59:678 : | pkg_folder_name                | gstm_load_client_package | 包文件夹名
2026-03-21 06:46:59:678 : | local_pkg_path                 | D:\AutoTest\gstm_load_client_package\pc | 本地包统一存放的目录
2026-03-21 06:46:59:678 : | game_path                      | D:\AutoTest\gstm_load_client_package\WindowsClient | 具体包的目录
2026-03-21 06:46:59:679 : | local_version                  | exe_VS0.pre_release.338787_ship_jw_1_sub.260319-1245_304084429.zip | 本地包当前版本
2026-03-21 06:46:59:679 : | local_version_file_path        | D:\AutoTest\gstm_load_client_package\pc\..\version.txt | 本地包当前版本文件路径
2026-03-21 06:46:59:679 : | shared_pkg_path                | \\21.91.0.164\version\GST\PC | 共享包路径
2026-03-21 06:46:59:679 : | shared_version_file_path       | \\21.91.0.164\version\GST\PC\version.json | 共享包内的version.json文件路径
2026-03-21 06:46:59:679 : | package_name                   | exe_VS0.pre_release.338787_ship_jw_1_sub.260319-1245_304084429.zip | 客户端用的测试包名
2026-03-21 06:46:59:680 : ================================================================================
2026-03-21 06:46:59:680 : BaseServerEnv 配置信息
2026-03-21 06:46:59:680 : ================================================================================
2026-03-21 06:46:59:680 : | server_ip                 | 115.159.35.222 | 服务器IP
2026-03-21 06:46:59:680 : | stressagent_addr          | 21.0.60.55:8080 | 压测代理服务IP
2026-03-21 06:46:59:680 : | ds_sshagent_addr          | 115.159.35.222:8080 | DS服务器SSH代理地址
2026-03-21 06:46:59:681 : | server_prof_save_dir_path | /home/gstm/monitor_hub/filetree | 服务器性能采集目录
2026-03-21 06:46:59:681 : | server_prof_src_dir_path  | /data/dsmgr/ds/978994056/17958/build_stresstest2_region_Deploy_202631917254550150_17606/pro_git6c869fcb_engine_gitd55ae33f_pro_svn338787/packages/server/GSTServer/LinuxServer/Gangstar/Saved/Profiling | 服务器性能采集源目录
2026-03-21 06:46:59:681 : | nprof_server_port         | 5000 | nprof服务端口
2026-03-21 06:46:59:681 : | monitor_list              | [] | 监控列表
2026-03-21 06:46:59:681 : | pushgateway_addr_list     | None | Pushgateway地址列表
2026-03-21 06:46:59:681 : ================================================================================
2026-03-21 06:46:59:682 : GSTMServerEnv 配置信息
2026-03-21 06:46:59:682 : ================================================================================
2026-03-21 06:46:59:682 : | CVM DSRaptor            | True | DS启动方式 |
2026-03-21 06:46:59:682 : | g6_script_dir_path        | /data/g6_deploy/G6DsmgrClientTool/instance_17957/dsmgr_client/bin | DSRaptor脚本目录 |
2026-03-21 06:46:59:683 : ================================================================================
2026-03-21 06:46:59:683 : BaseTestConfig 配置信息
2026-03-21 06:46:59:683 : ================================================================================
2026-03-21 06:46:59:683 : | duration               | 1440 | 总持续时间
2026-03-21 06:46:59:684 : | is_check_player_ingame | False | 是否检查玩家InGame数量
2026-03-21 06:46:59:684 : | is_network_profiler    | False | 是否开启Network Profiler
2026-03-21 06:46:59:684 : | is_csv_profiler        | False | 是否开启CSV Profiler
2026-03-21 06:46:59:685 : | utrace_ds_count        | 0 | 开启utrace的DS数量(0=不开启, >0=开启数量, -1=全部)
2026-03-21 06:46:59:685 : | is_utrace_profiler     | False | 是否开启UTrace Profiler(由utrace_ds_count推断)
2026-03-21 06:46:59:685 : | is_only_start_bot     | False | 是否只启动bot，不启动DS
2026-03-21 06:46:59:685 : | delay_monitor          | 0 | 延迟监控时间，单位分钟
2026-03-21 06:46:59:685 :   ------------------------------
2026-03-21 06:46:59:685 :   | case_name       | newyork_24p-all | 用例名称
2026-03-21 06:46:59:686 :   | bot_per_ds      | 24 | 每个DS的分配的bot数量
2026-03-21 06:46:59:686 :   | ds_num          | 12 | 需要启动的DS数量
2026-03-21 06:46:59:686 :   | ds_type         | ['Test_Newyork'] | DS类型
2026-03-21 06:46:59:686 :   | bot_per_process | 1 | 每个进程的bot数量
2026-03-21 06:46:59:686 :   | ds_extra_params | [] | 额外的启服参数
2026-03-21 06:46:59:686 :   | duration        | 1440分钟 | 用例持续时间，单位分钟(仅在LoadAuto流程中使用)
2026-03-21 06:46:59:686 : [2026-03-21 06:46:59.666068] [info] [__main__] [Record:80] [Command: App.Record]
2026-03-21 06:46:59:687 : [2026-03-21 06:46:59.666068] [info] [__main__] [Record:84] [Record : raw profiler_file_list_str: None]
2026-03-21 06:46:59:687 : [2026-03-21 06:46:59.666068] [info] [__main__] [Record:85] [Record : raw file_list_str: ["/home/gstm/monitor_hub/filetree/2026-03-21/20260321_064622_69bc784bbf8f047498f46d0a_newyork_24p-all/ds_24bot_newyork_24p-all_26186pid.log", "/home/gstm/monitor_hub/filetree/2026-03-21/20260321_064622_69bc784bbf8f047498f46d0a_newyork_24p-all/ds_24bot_newyork_24p-all_26204pid.log", "/home/gstm/monitor_hub/filetree/2026-03-21/20260321_064622_69bc784bbf8f047498f46d0a_newyork_24p-all/ds_24bot_newyork_24p-all_26222pid.log", "/home/gstm/monitor_hub/filetree/2026-03-21/20260321_064622_69bc784bbf8f047498f46d0a_newyork_24p-all/ds_24bot_newyork_24p-all_26287pid.log", "/home/gstm/monitor_hub/filetree/2026-03-21/20260321_064622_69bc784bbf8f047498f46d0a_newyork_24p-all/ds_24bot_newyork_24p-all_26313pid.log", "/home/gstm/monitor_hub/filetree/2026-03-21/20260321_064622_69bc784bbf8f047498f46d0a_newyork_24p-all/ds_24bot_newyork_24p-all_26349pid.log", "/home/gstm/monitor_hub/filetree/2026-03-21/20260321_064622_69bc784bbf8f047498f46d0a_newyork_24p-all/ds_24bot_newyork_24p-all_26368pid.log", "/home/gstm/monitor_hub/filetree/2026-03-21/20260321_064622_69bc784bbf8f047498f46d0a_newyork_24p-all/ds_24bot_newyork_24p-all_26387pid.log", "/home/gstm/monitor_hub/filetree/2026-03-21/20260321_064622_69bc784bbf8f047498f46d0a_newyork_24p-all/ds_24bot_newyork_24p-all_26463pid.log", "/home/gstm/monitor_hub/filetree/2026-03-21/20260321_064622_69bc784bbf8f047498f46d0a_newyork_24p-all/ds_24bot_newyork_24p-all_26515pid.log", "/home/gstm/monitor_hub/filetree/2026-03-21/20260321_064622_69bc784bbf8f047498f46d0a_newyork_24p-all/ds_24bot_newyork_24p-all_26541pid.log", "/home/gstm/monitor_hub/filetree/2026-03-21/20260321_064622_69bc784bbf8f047498f46d0a_newyork_24p-all/ds_24bot_newyork_24p-all_26644pid.log"]]
2026-03-21 06:46:59:687 : [2026-03-21 06:46:59.666068] [info] [__main__] [Record:93] [Record : normalized file_list: ['/2026-03-21/20260321_064622_69bc784bbf8f047498f46d0a_newyork_24p-all/ds_24bot_newyork_24p-all_26186pid.log', '/2026-03-21/20260321_064622_69bc784bbf8f047498f46d0a_newyork_24p-all/ds_24bot_newyork_24p-all_26204pid.log', '/2026-03-21/20260321_064622_69bc784bbf8f047498f46d0a_newyork_24p-all/ds_24bot_newyork_24p-all_26222pid.log', '/2026-03-21/20260321_064622_69bc784bbf8f047498f46d0a_newyork_24p-all/ds_24bot_newyork_24p-all_26287pid.log', '/2026-03-21/20260321_064622_69bc784bbf8f047498f46d0a_newyork_24p-all/ds_24bot_newyork_24p-all_26313pid.log', '/2026-03-21/20260321_064622_69bc784bbf8f047498f46d0a_newyork_24p-all/ds_24bot_newyork_24p-all_26349pid.log', '/2026-03-21/20260321_064622_69bc784bbf8f047498f46d0a_newyork_24p-all/ds_24bot_newyork_24p-all_26368pid.log', '/2026-03-21/20260321_064622_69bc784bbf8f047498f46d0a_newyork_24p-all/ds_24bot_newyork_24p-all_26387pid.log', '/2026-03-21/20260321_064622_69bc784bbf8f047498f46d0a_newyork_24p-all/ds_24bot_newyork_24p-all_26463pid.log', '/2026-03-21/20260321_064622_69bc784bbf8f047498f46d0a_newyork_24p-all/ds_24bot_newyork_24p-all_26515pid.log', '/2026-03-21/20260321_064622_69bc784bbf8f047498f46d0a_newyork_24p-all/ds_24bot_newyork_24p-all_26541pid.log', '/2026-03-21/20260321_064622_69bc784bbf8f047498f46d0a_newyork_24p-all/ds_24bot_newyork_24p-all_26644pid.log']]
2026-03-21 06:47:00:015 : {
2026-03-21 06:47:00:015 :     "name": "Load - 20260321_064659",
2026-03-21 06:47:00:016 :     "cases": [
2026-03-21 06:47:00:016 :         {
2026-03-21 06:47:00:016 :             "stress_id": "69bc784bbf8f047498f46d0a",
2026-03-21 06:47:00:016 :             "name": "newyork_24p-all",
2026-03-21 06:47:00:016 :             "query_config": {
2026-03-21 06:47:00:017 :                 "start_time": 1773959243000,
2026-03-21 06:47:00:017 :                 "end_time": 1774046819813,
2026-03-21 06:47:00:017 :                 "aggregation_interval": "15s",
2026-03-21 06:47:00:017 :                 "filters": [
2026-03-21 06:47:00:017 :                     {
2026-03-21 06:47:00:018 :                         "labels": [
2026-03-21 06:47:00:018 :                             "ip",
2026-03-21 06:47:00:018 :                             "10.0.1.16",
2026-03-21 06:47:00:018 :                             "node",
2026-03-21 06:47:00:018 :                             "node"
2026-03-21 06:47:00:018 :                         ]
2026-03-21 06:47:00:019 :                     },
2026-03-21 06:47:00:019 :                     {
2026-03-21 06:47:00:019 :                         "labels": [
2026-03-21 06:47:00:019 :                             "ip",
2026-03-21 06:47:00:019 :                             "10.0.1.16",
2026-03-21 06:47:00:019 :                             "pid",
2026-03-21 06:47:00:020 :                             "26186"
2026-03-21 06:47:00:020 :                         ]
2026-03-21 06:47:00:020 :                     },
2026-03-21 06:47:00:020 :                     {
2026-03-21 06:47:00:020 :                         "labels": [
2026-03-21 06:47:00:020 :                             "ip",
2026-03-21 06:47:00:020 :                             "10.0.1.16",
2026-03-21 06:47:00:020 :                             "pid",
2026-03-21 06:47:00:020 :                             "26204"
2026-03-21 06:47:00:021 :                         ]
2026-03-21 06:47:00:021 :                     },
2026-03-21 06:47:00:021 :                     {
2026-03-21 06:47:00:021 :                         "labels": [
2026-03-21 06:47:00:021 :                             "ip",
2026-03-21 06:47:00:021 :                             "10.0.1.16",
2026-03-21 06:47:00:022 :                             "pid",
2026-03-21 06:47:00:022 :                             "26222"
2026-03-21 06:47:00:022 :                         ]
2026-03-21 06:47:00:022 :                     },
2026-03-21 06:47:00:022 :                     {
2026-03-21 06:47:00:022 :                         "labels": [
2026-03-21 06:47:00:023 :                             "ip",
2026-03-21 06:47:00:023 :                             "10.0.1.16",
2026-03-21 06:47:00:023 :                             "pid",
2026-03-21 06:47:00:023 :                             "26287"
2026-03-21 06:47:00:023 :                         ]
2026-03-21 06:47:00:023 :                     },
2026-03-21 06:47:00:023 :                     {
2026-03-21 06:47:00:024 :                         "labels": [
2026-03-21 06:47:00:024 :                             "ip",
2026-03-21 06:47:00:024 :                             "10.0.1.16",
2026-03-21 06:47:00:024 :                             "pid",
2026-03-21 06:47:00:024 :                             "26313"
2026-03-21 06:47:00:024 :                         ]
2026-03-21 06:47:00:025 :                     },
2026-03-21 06:47:00:025 :                     {
2026-03-21 06:47:00:025 :                         "labels": [
2026-03-21 06:47:00:025 :                             "ip",
2026-03-21 06:47:00:025 :                             "10.0.1.16",
2026-03-21 06:47:00:025 :                             "pid",
2026-03-21 06:47:00:025 :                             "26349"
2026-03-21 06:47:00:026 :                         ]
2026-03-21 06:47:00:026 :                     },
2026-03-21 06:47:00:026 :                     {
2026-03-21 06:47:00:026 :                         "labels": [
2026-03-21 06:47:00:026 :                             "ip",
2026-03-21 06:47:00:026 :                             "10.0.1.16",
2026-03-21 06:47:00:027 :                             "pid",
2026-03-21 06:47:00:027 :                             "26368"
2026-03-21 06:47:00:027 :                         ]
2026-03-21 06:47:00:027 :                     },
2026-03-21 06:47:00:027 :                     {
2026-03-21 06:47:00:027 :                         "labels": [
2026-03-21 06:47:00:027 :                             "ip",
2026-03-21 06:47:00:028 :                             "10.0.1.16",
2026-03-21 06:47:00:028 :                             "pid",
2026-03-21 06:47:00:028 :                             "26387"
2026-03-21 06:47:00:028 :                         ]
2026-03-21 06:47:00:028 :                     },
2026-03-21 06:47:00:028 :                     {
2026-03-21 06:47:00:029 :                         "labels": [
2026-03-21 06:47:00:029 :                             "ip",
2026-03-21 06:47:00:029 :                             "10.0.1.16",
2026-03-21 06:47:00:029 :                             "pid",
2026-03-21 06:47:00:030 :                             "26463"
2026-03-21 06:47:00:030 :                         ]
2026-03-21 06:47:00:030 :                     },
2026-03-21 06:47:00:031 :                     {
2026-03-21 06:47:00:031 :                         "labels": [
2026-03-21 06:47:00:031 :                             "ip",
2026-03-21 06:47:00:031 :                             "10.0.1.16",
2026-03-21 06:47:00:031 :                             "pid",
2026-03-21 06:47:00:032 :                             "26515"
2026-03-21 06:47:00:032 :                         ]
2026-03-21 06:47:00:032 :                     },
2026-03-21 06:47:00:032 :                     {
2026-03-21 06:47:00:032 :                         "labels": [
2026-03-21 06:47:00:032 :                             "ip",
2026-03-21 06:47:00:032 :                             "10.0.1.16",
2026-03-21 06:47:00:033 :                             "pid",
2026-03-21 06:47:00:033 :                             "26541"
2026-03-21 06:47:00:033 :                         ]
2026-03-21 06:47:00:033 :                     },
2026-03-21 06:47:00:033 :                     {
2026-03-21 06:47:00:033 :                         "labels": [
2026-03-21 06:47:00:034 :                             "ip",
2026-03-21 06:47:00:034 :                             "10.0.1.16",
2026-03-21 06:47:00:034 :                             "pid",
2026-03-21 06:47:00:034 :                             "26644"
2026-03-21 06:47:00:034 :                         ]
2026-03-21 06:47:00:034 :                     }
2026-03-21 06:47:00:034 :                 ],
2026-03-21 06:47:00:035 :                 "rate_metrics": [
2026-03-21 06:47:00:035 :                     "slow_fps"
2026-03-21 06:47:00:035 :                 ]
2026-03-21 06:47:00:035 :             },
2026-03-21 06:47:00:035 :             "desc": "newyork_24p-all: \u673a\u5668\u4eba\u603b\u6570(288) \u6bcf\u4e2aDS\u5206\u914d\u4eba\u6570(24)"
2026-03-21 06:47:00:036 :         }
2026-03-21 06:47:00:036 :     ],
2026-03-21 06:47:00:036 :     "datasource_id": "691c3cb57dc28e9a2ae3cf60",
2026-03-21 06:47:00:036 :     "create_type": "api_call",
2026-03-21 06:47:00:036 :     "description": "Load\u6d41\u6c34\u7ebf\u4e00\u6b21\u624b\u52a8\u6d4b\u8bd5\u8bb0\u5f55\uff0c\u7531AI\u667a\u80fd\u5206\u6790\u751f\u6210\u6587\u672c\u7ed3\u8bba.",
2026-03-21 06:47:00:036 :     "extra_info": [
2026-03-21 06:47:00:037 :         "\u6d4b\u8bd5\u96c6\u7fa4",
2026-03-21 06:47:00:037 :         "stresstest2",
2026-03-21 06:47:00:037 :         "\u6d4b\u8bd5\u5305\u540d",
2026-03-21 06:47:00:037 :         "exe_VS0.pre_release.338787_ship_jw_1_sub.260319-1245_304084429.zip",
2026-03-21 06:47:00:037 :         "\u6d4b\u8bd5\u7248\u672c",
2026-03-21 06:47:00:037 :         "pro_git6c869fcb_engine_gitd55ae33f_pro_svn338787",
2026-03-21 06:47:00:038 :         "\u6d4b\u8bd5\u7248\u672c",
2026-03-21 06:47:00:038 :         "pro_git6c869fcb_engine_gitd55ae33f_pro_svn338787"
2026-03-21 06:47:00:038 :     ],
2026-03-21 06:47:00:038 :     "operator": "devops",
2026-03-21 06:47:00:039 :     "tags": [
2026-03-21 06:47:00:039 :         "\u624b\u52a8\u6d4b\u8bd5",
2026-03-21 06:47:00:039 :         "G6\u542f\u670d",
2026-03-21 06:47:00:039 :         "Shipping\u5305"
2026-03-21 06:47:00:039 :     ],
2026-03-21 06:47:00:039 :     "file_list": [
2026-03-21 06:47:00:040 :         "/2026-03-21/20260321_064622_69bc784bbf8f047498f46d0a_newyork_24p-all/ds_24bot_newyork_24p-all_26186pid.log",
2026-03-21 06:47:00:040 :         "/2026-03-21/20260321_064622_69bc784bbf8f047498f46d0a_newyork_24p-all/ds_24bot_newyork_24p-all_26204pid.log",
2026-03-21 06:47:00:040 :         "/2026-03-21/20260321_064622_69bc784bbf8f047498f46d0a_newyork_24p-all/ds_24bot_newyork_24p-all_26222pid.log",
2026-03-21 06:47:00:040 :         "/2026-03-21/20260321_064622_69bc784bbf8f047498f46d0a_newyork_24p-all/ds_24bot_newyork_24p-all_26287pid.log",
2026-03-21 06:47:00:040 :         "/2026-03-21/20260321_064622_69bc784bbf8f047498f46d0a_newyork_24p-all/ds_24bot_newyork_24p-all_26313pid.log",
2026-03-21 06:47:00:040 :         "/2026-03-21/20260321_064622_69bc784bbf8f047498f46d0a_newyork_24p-all/ds_24bot_newyork_24p-all_26349pid.log",
2026-03-21 06:47:00:041 :         "/2026-03-21/20260321_064622_69bc784bbf8f047498f46d0a_newyork_24p-all/ds_24bot_newyork_24p-all_26368pid.log",
2026-03-21 06:47:00:041 :         "/2026-03-21/20260321_064622_69bc784bbf8f047498f46d0a_newyork_24p-all/ds_24bot_newyork_24p-all_26387pid.log",
2026-03-21 06:47:00:041 :         "/2026-03-21/20260321_064622_69bc784bbf8f047498f46d0a_newyork_24p-all/ds_24bot_newyork_24p-all_26463pid.log",
2026-03-21 06:47:00:041 :         "/2026-03-21/20260321_064622_69bc784bbf8f047498f46d0a_newyork_24p-all/ds_24bot_newyork_24p-all_26515pid.log",
2026-03-21 06:47:00:041 :         "/2026-03-21/20260321_064622_69bc784bbf8f047498f46d0a_newyork_24p-all/ds_24bot_newyork_24p-all_26541pid.log",
2026-03-21 06:47:00:041 :         "/2026-03-21/20260321_064622_69bc784bbf8f047498f46d0a_newyork_24p-all/ds_24bot_newyork_24p-all_26644pid.log"
2026-03-21 06:47:00:042 :     ]
2026-03-21 06:47:00:042 : }
2026-03-21 06:47:00:187 : [2026-03-21 06:47:00.185551] [info] [modules.stress] [create_report:618] [create report success, report_id: {'id': '69bdce6478d14dbc4a4c600c', 'createdAt': 1774046820, 'updatedAt': 1774046820, 'resource': {'name': 'Load - 20260321_064659', 'description': 'Load流水线一次手动测试记录，由AI智能分析生成文本结论.', 'cases': [{'stress_id': '69bc784bbf8f047498f46d0a', 'name': 'newyork_24p-all', 'desc': 'newyork_24p-all: 机器人总数(288) 每个DS分配人数(24)', 'query_config': {'start_time': 1773959243000, 'end_time': 1774046819813, 'aggregation_interval': '15s', 'filters': [{'labels': ['ip', '10.0.1.16', 'node', 'node']}, {'labels': ['ip', '10.0.1.16', 'pid', '26186']}, {'labels': ['ip', '10.0.1.16', 'pid', '26204']}, {'labels': ['ip', '10.0.1.16', 'pid', '26222']}, {'labels': ['ip', '10.0.1.16', 'pid', '26287']}, {'labels': ['ip', '10.0.1.16', 'pid', '26313']}, {'labels': ['ip', '10.0.1.16', 'pid', '26349']}, {'labels': ['ip', '10.0.1.16', 'pid', '26368']}, {'labels': ['ip', '10.0.1.16', 'pid', '26387']}, {'labels': ['ip', '10.0.1.16', 'pid', '26463']}, {'labels': ['ip', '10.0.1.16', 'pid', '26515']}, {'labels': ['ip', '10.0.1.16', 'pid', '26541']}, {'labels': ['ip', '10.0.1.16', 'pid', '26644']}], 'rate_metrics': ['slow_fps']}}], 'extra_info': ['测试集群', 'stresstest2', '测试包名', 'exe_VS0.pre_release.338787_ship_jw_1_sub.260319-1245_304084429.zip', '测试版本', 'pro_git6c869fcb_engine_gitd55ae33f_pro_svn338787', '测试版本', 'pro_git6c869fcb_engine_gitd55ae33f_pro_svn338787'], 'create_type': 'api_call', 'operator': 'devops', 'tags': ['手动测试', 'G6启服', 'Shipping包'], 'datasource_id': '691c3cb57dc28e9a2ae3cf60', 'report_status': {'status': 'running', 'task_id': '58b258aa-15d5-42f0-b26e-d98e7b5a4fcf'}, 'app_id': 'gstm', 'datasource_name': 'GSTM-堡垒机-10.0.1.16-DS', 'duration': '24h19m37s', 'icon_name': '', 'test_timeline': '2026-03-20 06:27:23 ~ 2026-03-21 06:46:59', 'file_list': ['/2026-03-21/20260321_064622_69bc784bbf8f047498f46d0a_newyork_24p-all/ds_24bot_newyork_24p-all_26186pid.log', '/2026-03-21/20260321_064622_69bc784bbf8f047498f46d0a_newyork_24p-all/ds_24bot_newyork_24p-all_26204pid.log', '/2026-03-21/20260321_064622_69bc784bbf8f047498f46d0a_newyork_24p-all/ds_24bot_newyork_24p-all_26222pid.log', '/2026-03-21/20260321_064622_69bc784bbf8f047498f46d0a_newyork_24p-all/ds_24bot_newyork_24p-all_26287pid.log', '/2026-03-21/20260321_064622_69bc784bbf8f047498f46d0a_newyork_24p-all/ds_24bot_newyork_24p-all_26313pid.log', '/2026-03-21/20260321_064622_69bc784bbf8f047498f46d0a_newyork_24p-all/ds_24bot_newyork_24p-all_26349pid.log', '/2026-03-21/20260321_064622_69bc784bbf8f047498f46d0a_newyork_24p-all/ds_24bot_newyork_24p-all_26368pid.log', '/2026-03-21/20260321_064622_69bc784bbf8f047498f46d0a_newyork_24p-all/ds_24bot_newyork_24p-all_26387pid.log', '/2026-03-21/20260321_064622_69bc784bbf8f047498f46d0a_newyork_24p-all/ds_24bot_newyork_24p-all_26463pid.log', '/2026-03-21/20260321_064622_69bc784bbf8f047498f46d0a_newyork_24p-all/ds_24bot_newyork_24p-all_26515pid.log', '/2026-03-21/20260321_064622_69bc784bbf8f047498f46d0a_newyork_24p-all/ds_24bot_newyork_24p-all_26541pid.log', '/2026-03-21/20260321_064622_69bc784bbf8f047498f46d0a_newyork_24p-all/ds_24bot_newyork_24p-all_26644pid.log']}}]
2026-03-21 06:47:00:334 : ##[group][Output]
2026-03-21 06:47:00:334 : ##[endgroup]-----
